2025-09-24 19:22:59.824 [info] Getting Manifest... esbenp.prettier-vscode
2025-09-24 19:23:00.579 [info] Installing extension: esbenp.prettier-vscode {"isMachineScoped":false,"installPreReleaseVersion":false,"pinned":true,"profileLocation":{"$mid":1,"external":"vscode-userdata:/home/elliot/.vscode-oss/extensions/extensions.json","path":"/home/elliot/.vscode-oss/extensions/extensions.json","scheme":"vscode-userdata"},"isApplicationScoped":false,"productVersion":{"version":"1.104.1","date":"2025-09-18T16:13:21.262Z"}}
2025-09-24 19:23:04.075 [info] Extension signature verification result for esbenp.prettier-vscode: Success. Executed: true. Duration: 976ms.
2025-09-24 19:23:04.198 [info] Extracted extension to file:///home/elliot/.vscode-oss/extensions/esbenp.prettier-vscode-11.0.0-universal: esbenp.prettier-vscode
2025-09-24 19:23:04.202 [info] Renamed to /home/elliot/.vscode-oss/extensions/esbenp.prettier-vscode-11.0.0-universal
2025-09-24 19:23:04.214 [info] Extension installed successfully: esbenp.prettier-vscode vscode-userdata:/home/elliot/.vscode-oss/extensions/extensions.json
2025-09-24 19:23:12.289 [info] Getting Manifest... ecmel.vscode-html-css
2025-09-24 19:23:12.553 [info] Installing extension: ecmel.vscode-html-css {"isMachineScoped":false,"installPreReleaseVersion":false,"pinned":true,"profileLocation":{"$mid":1,"external":"vscode-userdata:/home/elliot/.vscode-oss/extensions/extensions.json","path":"/home/elliot/.vscode-oss/extensions/extensions.json","scheme":"vscode-userdata"},"isApplicationScoped":false,"productVersion":{"version":"1.104.1","date":"2025-09-18T16:13:21.262Z"}}
2025-09-24 19:23:13.878 [info] Extension signature verification result for ecmel.vscode-html-css: Success. Executed: true. Duration: 712ms.
2025-09-24 19:23:13.914 [info] Extracted extension to file:///home/elliot/.vscode-oss/extensions/ecmel.vscode-html-css-2.0.13-universal: ecmel.vscode-html-css
2025-09-24 19:23:13.918 [info] Renamed to /home/elliot/.vscode-oss/extensions/ecmel.vscode-html-css-2.0.13-universal
2025-09-24 19:23:13.929 [info] Extension installed successfully: ecmel.vscode-html-css vscode-userdata:/home/elliot/.vscode-oss/extensions/extensions.json
2025-09-24 19:23:28.445 [info] Getting Manifest... ms-python.python
2025-09-24 19:23:28.676 [info] Installing extension: ms-python.python {"isMachineScoped":false,"installPreReleaseVersion":false,"pinned":true,"profileLocation":{"$mid":1,"external":"vscode-userdata:/home/elliot/.vscode-oss/extensions/extensions.json","path":"/home/elliot/.vscode-oss/extensions/extensions.json","scheme":"vscode-userdata"},"isApplicationScoped":false,"productVersion":{"version":"1.104.1","date":"2025-09-18T16:13:21.262Z"}}
2025-09-24 19:23:29.043 [error] Error while getting the latest version for the extension ms-python.debugpy. SyntaxError: Unexpected token '<', "<!DOCTYPE "... is not valid JSON:
<!DOCTYPE html>
<html lang="en">

<head>
    <title>Open VSX Registry</title>
    <meta charset="UTF-8">
    <meta name="viewport" content="width=device-width, initial-scale=1">
    <link rel="stylesheet" href="https://fonts.googleapis.com/css?family=Roboto:300,400,500,700&display=swap" />

    <!-- Google Tag Manager -->
    <script>(function(w,d,s,l,i){w[l]=w[l]||[];w[l].push({'gtm.start':
    new Date().getTime(),event:'gtm.js'});var f=d.getElementsByTagName(s)[0],
    j=d.createElement(s),dl=l!='dataLayer'?'&l='+l:'';j.async=true;j.src=
    'https://www.googletagmanager.com/gtm.js?id='+i+dl;f.parentNode.insertBefore(j,f);
    })(window,document,'script','dataLayer','GTM-5WLCZXC');</script>

    <!-- Eclipse Cookie Consent -->
    <link rel="stylesheet" type="text/css"
        href="//www.eclipse.org/eclipse.org-common/themes/solstice/public/stylesheets/vendor/cookieconsent/cookieconsent.min.css" />
    <script
        src="//www.eclipse.org/eclipse.org-common/themes/solstice/public/javascript/vendor/cookieconsent/default.min.js">
    </script>
    <style>
        a.cc-btn.cc-allow {
            background-color: #c160ef;
        }
        a.cc-btn.cc-allow:hover, a.cc-btn.cc-allow:focus {
            background-color: #444;
        }
        .cc-revoke {
            display: none !important;
        }
        @media (prefers-color-scheme: dark) {
          body {
            background-color: #121212;
          }
        }
    </style>
</head>

<body>
    <!-- Google Tag Manager (noscript) -->
    <noscript><iframe title="Google Tag Manager" src="https://www.googletagmanager.com/ns.html?id=GTM-5WLCZXC" height="0" width="0" style="display:none;visibility:hidden"></iframe></noscript>
    <!-- End Google Tag Manager (noscript) -->
    <div id="main"></div>
    <script src='/bundle.js' ></script>
</body>

</html>

2025-09-24 19:23:29.639 [error] Error while getting the latest version for the extension ms-python.vscode-python-envs. SyntaxError: Unexpected token '<', "<!DOCTYPE "... is not valid JSON:
<!DOCTYPE html>
<html lang="en">

<head>
    <title>Open VSX Registry</title>
    <meta charset="UTF-8">
    <meta name="viewport" content="width=device-width, initial-scale=1">
    <link rel="stylesheet" href="https://fonts.googleapis.com/css?family=Roboto:300,400,500,700&display=swap" />

    <!-- Google Tag Manager -->
    <script>(function(w,d,s,l,i){w[l]=w[l]||[];w[l].push({'gtm.start':
    new Date().getTime(),event:'gtm.js'});var f=d.getElementsByTagName(s)[0],
    j=d.createElement(s),dl=l!='dataLayer'?'&l='+l:'';j.async=true;j.src=
    'https://www.googletagmanager.com/gtm.js?id='+i+dl;f.parentNode.insertBefore(j,f);
    })(window,document,'script','dataLayer','GTM-5WLCZXC');</script>

    <!-- Eclipse Cookie Consent -->
    <link rel="stylesheet" type="text/css"
        href="//www.eclipse.org/eclipse.org-common/themes/solstice/public/stylesheets/vendor/cookieconsent/cookieconsent.min.css" />
    <script
        src="//www.eclipse.org/eclipse.org-common/themes/solstice/public/javascript/vendor/cookieconsent/default.min.js">
    </script>
    <style>
        a.cc-btn.cc-allow {
            background-color: #c160ef;
        }
        a.cc-btn.cc-allow:hover, a.cc-btn.cc-allow:focus {
            background-color: #444;
        }
        .cc-revoke {
            display: none !important;
        }
        @media (prefers-color-scheme: dark) {
          body {
            background-color: #121212;
          }
        }
    </style>
</head>

<body>
    <!-- Google Tag Manager (noscript) -->
    <noscript><iframe title="Google Tag Manager" src="https://www.googletagmanager.com/ns.html?id=GTM-5WLCZXC" height="0" width="0" style="display:none;visibility:hidden"></iframe></noscript>
    <!-- End Google Tag Manager (noscript) -->
    <div id="main"></div>
    <script src='/bundle.js' ></script>
</body>

</html>

2025-09-24 19:23:30.557 [error] Error while getting the latest version for the extension ms-python.vscode-pylance. SyntaxError: Unexpected token '<', "<!DOCTYPE "... is not valid JSON:
<!DOCTYPE html>
<html lang="en">

<head>
    <title>Open VSX Registry</title>
    <meta charset="UTF-8">
    <meta name="viewport" content="width=device-width, initial-scale=1">
    <link rel="stylesheet" href="https://fonts.googleapis.com/css?family=Roboto:300,400,500,700&display=swap" />

    <!-- Google Tag Manager -->
    <script>(function(w,d,s,l,i){w[l]=w[l]||[];w[l].push({'gtm.start':
    new Date().getTime(),event:'gtm.js'});var f=d.getElementsByTagName(s)[0],
    j=d.createElement(s),dl=l!='dataLayer'?'&l='+l:'';j.async=true;j.src=
    'https://www.googletagmanager.com/gtm.js?id='+i+dl;f.parentNode.insertBefore(j,f);
    })(window,document,'script','dataLayer','GTM-5WLCZXC');</script>

    <!-- Eclipse Cookie Consent -->
    <link rel="stylesheet" type="text/css"
        href="//www.eclipse.org/eclipse.org-common/themes/solstice/public/stylesheets/vendor/cookieconsent/cookieconsent.min.css" />
    <script
        src="//www.eclipse.org/eclipse.org-common/themes/solstice/public/javascript/vendor/cookieconsent/default.min.js">
    </script>
    <style>
        a.cc-btn.cc-allow {
            background-color: #c160ef;
        }
        a.cc-btn.cc-allow:hover, a.cc-btn.cc-allow:focus {
            background-color: #444;
        }
        .cc-revoke {
            display: none !important;
        }
        @media (prefers-color-scheme: dark) {
          body {
            background-color: #121212;
          }
        }
    </style>
</head>

<body>
    <!-- Google Tag Manager (noscript) -->
    <noscript><iframe title="Google Tag Manager" src="https://www.googletagmanager.com/ns.html?id=GTM-5WLCZXC" height="0" width="0" style="display:none;visibility:hidden"></iframe></noscript>
    <!-- End Google Tag Manager (noscript) -->
    <div id="main"></div>
    <script src='/bundle.js' ></script>
</body>

</html>

2025-09-24 19:23:30.722 [info] Getting Manifest... ms-python.debugpy
2025-09-24 19:23:30.775 [info] Getting Manifest... ms-python.debugpy
2025-09-24 19:23:30.917 [info] Installing extension: ms-python.debugpy {"isMachineScoped":false,"installPreReleaseVersion":false,"pinned":false,"profileLocation":{"$mid":1,"external":"vscode-userdata:/home/elliot/.vscode-oss/extensions/extensions.json","path":"/home/elliot/.vscode-oss/extensions/extensions.json","scheme":"vscode-userdata"},"isApplicationScoped":false,"productVersion":{"version":"1.104.1","date":"2025-09-18T16:13:21.262Z"},"installGivenVersion":false,"context":{"dependecyOrPackExtensionInstall":true}}
2025-09-24 19:23:30.970 [info] Extension is already requested to install ms-python.debugpy vscode-userdata:/home/elliot/.vscode-oss/extensions/extensions.json
2025-09-24 19:23:35.464 [info] Extension signature verification result for ms-python.debugpy: Success. Executed: true. Duration: 634ms.
2025-09-24 19:23:35.882 [info] Extracted extension to file:///home/elliot/.vscode-oss/extensions/ms-python.debugpy-2025.10.0-linux-x64: ms-python.debugpy
2025-09-24 19:23:35.896 [info] Renamed to /home/elliot/.vscode-oss/extensions/ms-python.debugpy-2025.10.0-linux-x64
2025-09-24 19:23:36.125 [info] Extension signature verification result for ms-python.python: Success. Executed: true. Duration: 653ms.
2025-09-24 19:23:37.268 [info] Extracted extension to file:///home/elliot/.vscode-oss/extensions/ms-python.python-2025.14.0-universal: ms-python.python
2025-09-24 19:23:37.359 [info] Renamed to /home/elliot/.vscode-oss/extensions/ms-python.python-2025.14.0-universal
2025-09-24 19:23:37.375 [info] Extension installed successfully: ms-python.debugpy vscode-userdata:/home/elliot/.vscode-oss/extensions/extensions.json
2025-09-24 19:23:37.375 [info] Extension installed successfully: ms-python.python vscode-userdata:/home/elliot/.vscode-oss/extensions/extensions.json
2025-09-24 19:23:49.823 [info] Getting Manifest... anysphere.pyright
2025-09-24 19:23:50.083 [info] Installing extension: anysphere.pyright {"isMachineScoped":false,"installPreReleaseVersion":false,"pinned":true,"profileLocation":{"$mid":1,"external":"vscode-userdata:/home/elliot/.vscode-oss/extensions/extensions.json","path":"/home/elliot/.vscode-oss/extensions/extensions.json","scheme":"vscode-userdata"},"isApplicationScoped":false,"productVersion":{"version":"1.104.1","date":"2025-09-18T16:13:21.262Z"}}
2025-09-24 19:23:54.487 [info] Extension signature verification result for anysphere.pyright: Success. Executed: true. Duration: 858ms.
2025-09-24 19:23:56.404 [info] Extracted extension to file:///home/elliot/.vscode-oss/extensions/anysphere.pyright-1.1.327-universal: anysphere.pyright
2025-09-24 19:23:56.537 [info] Renamed to /home/elliot/.vscode-oss/extensions/anysphere.pyright-1.1.327-universal
2025-09-24 19:23:56.551 [info] Extension installed successfully: anysphere.pyright vscode-userdata:/home/elliot/.vscode-oss/extensions/extensions.json
