2025-09-27 16:07:43.607 [info] [main] Log level: Info
2025-09-27 16:07:43.607 [info] [main] Validating found git in: "git"
2025-09-27 16:07:43.607 [info] [main] Using git "2.51.0" from "git"
2025-09-27 16:07:43.607 [info] [Model][doInitialScan] Initial repository scan started
2025-09-27 16:07:43.607 [info] > git rev-parse --show-toplevel [5ms]
2025-09-27 16:07:43.607 [info] fatal: not a git repository (or any parent up to mount point /)
Stopping at filesystem boundary (GIT_DISCOVERY_ACROSS_FILESYSTEM not set).
2025-09-27 16:07:43.607 [info] > git rev-parse --show-toplevel [3ms]
2025-09-27 16:07:43.607 [info] fatal: not a git repository (or any parent up to mount point /)
Stopping at filesystem boundary (GIT_DISCOVERY_ACROSS_FILESYSTEM not set).
2025-09-27 16:07:43.607 [info] [Model][doInitialScan] Initial repository scan completed - repositories (0), closed repositories (0), parent repositories (0), unsafe repositories (0)
2025-09-27 16:07:44.582 [info] > git rev-parse --show-toplevel [1ms]
2025-09-27 16:07:44.582 [info] fatal: not a git repository (or any parent up to mount point /)
Stopping at filesystem boundary (GIT_DISCOVERY_ACROSS_FILESYSTEM not set).
2025-09-27 16:12:17.209 [info] > git rev-parse --show-toplevel [2ms]
2025-09-27 16:12:17.209 [info] fatal: not a git repository (or any parent up to mount point /)
Stopping at filesystem boundary (GIT_DISCOVERY_ACROSS_FILESYSTEM not set).
2025-09-27 16:12:23.938 [info] > git rev-parse --show-toplevel [1ms]
2025-09-27 16:12:23.938 [info] fatal: not a git repository (or any parent up to mount point /)
Stopping at filesystem boundary (GIT_DISCOVERY_ACROSS_FILESYSTEM not set).
2025-09-27 16:12:26.489 [info] > git rev-parse --show-toplevel [3ms]
2025-09-27 16:12:26.489 [info] fatal: not a git repository (or any parent up to mount point /)
Stopping at filesystem boundary (GIT_DISCOVERY_ACROSS_FILESYSTEM not set).
2025-09-27 16:33:37.655 [info] > git rev-parse --show-toplevel [2ms]
2025-09-27 16:33:37.655 [info] fatal: not a git repository (or any parent up to mount point /)
Stopping at filesystem boundary (GIT_DISCOVERY_ACROSS_FILESYSTEM not set).
2025-09-27 16:33:37.659 [info] > git rev-parse --show-toplevel [1ms]
2025-09-27 16:33:37.659 [info] fatal: not a git repository (or any parent up to mount point /)
Stopping at filesystem boundary (GIT_DISCOVERY_ACROSS_FILESYSTEM not set).
2025-09-27 16:33:43.563 [info] > git rev-parse --show-toplevel [1ms]
2025-09-27 16:33:43.563 [info] fatal: not a git repository (or any parent up to mount point /)
Stopping at filesystem boundary (GIT_DISCOVERY_ACROSS_FILESYSTEM not set).
