2025-09-24 19:22:23.582 [info] Extension host with pid 21022 started
2025-09-24 19:22:23.604 [info] ExtensionService#_doActivateExtension vscode.git-base, startup: true, activationEvent: '*', root cause: vscode.git
2025-09-24 19:22:23.630 [info] ExtensionService#_doActivateExtension vscode.git, startup: true, activationEvent: '*'
2025-09-24 19:22:23.694 [info] ExtensionService#_doActivateExtension vscode.github, startup: true, activationEvent: '*'
2025-09-24 19:22:23.798 [info] Eager extensions activated
2025-09-24 19:22:23.800 [info] ExtensionService#_doActivateExtension vscode.debug-auto-launch, startup: false, activationEvent: 'onStartupFinished'
2025-09-24 19:22:23.802 [info] ExtensionService#_doActivateExtension vscode.merge-conflict, startup: false, activationEvent: 'onStartupFinished'
2025-09-24 19:22:33.650 [info] ExtensionService#_doActivateExtension vscode.emmet, startup: false, activationEvent: 'onLanguage'
2025-09-24 19:23:04.324 [info] ExtensionService#_doActivateExtension esbenp.prettier-vscode, startup: false, activationEvent: 'onStartupFinished'
2025-09-24 19:23:13.988 [info] ExtensionService#_doActivateExtension ecmel.vscode-html-css, startup: false, activationEvent: 'onStartupFinished'
2025-09-24 19:23:37.592 [info] ExtensionService#_doActivateExtension ms-python.python, startup: false, activationEvent: 'onWalkthrough:pythonWelcome'
2025-09-24 19:23:39.003 [error] Error: Extension 'ms-python.python' CANNOT use API proposal: testObserver.
Its package.json#enabledApiProposals-property declares:  but NOT testObserver.
 The missing proposal MUST be added and you must start in extension development mode or use the following command line switch: --enable-proposed-api ms-python.python
	at T (file:///usr/lib/code/out/vs/workbench/api/node/extensionHostProcess.js:106:33255)
	at get testResults (file:///usr/lib/code/out/vs/workbench/api/node/extensionHostProcess.js:199:105905)
	at x.activate (/home/elliot/.vscode-oss/extensions/ms-python.python-2025.14.0-universal/out/client/extension.js:2:946549)
	at /home/elliot/.vscode-oss/extensions/ms-python.python-2025.14.0-universal/out/client/extension.js:2:2457
	at Array.map (<anonymous>)
	at v.activateWorkspace (/home/elliot/.vscode-oss/extensions/ms-python.python-2025.14.0-universal/out/client/extension.js:2:2447)
2025-09-24 19:24:28.866 [info] Extension host terminating: renderer closed the MessagePort
2025-09-24 19:24:28.883 [info] Extension host with pid 21022 exiting with code 0
2025-09-24 19:24:30.235 [info] Extension host with pid 21840 started
2025-09-24 19:24:30.235 [info] Skipping acquiring lock for /home/elliot/.config/Code - OSS/User/workspaceStorage/1e3b3dc6acd77dadfa3a34781c5a080f.
2025-09-24 19:24:30.252 [info] ExtensionService#_doActivateExtension vscode.git-base, startup: true, activationEvent: '*', root cause: vscode.git
2025-09-24 19:24:30.272 [info] ExtensionService#_doActivateExtension vscode.git, startup: true, activationEvent: '*'
2025-09-24 19:24:30.330 [info] ExtensionService#_doActivateExtension vscode.github, startup: true, activationEvent: '*'
2025-09-24 19:24:30.457 [info] Eager extensions activated
2025-09-24 19:24:30.476 [info] ExtensionService#_doActivateExtension vscode.debug-auto-launch, startup: false, activationEvent: 'onStartupFinished'
2025-09-24 19:24:30.479 [info] ExtensionService#_doActivateExtension vscode.merge-conflict, startup: false, activationEvent: 'onStartupFinished'
2025-09-24 19:24:30.505 [info] ExtensionService#_doActivateExtension ecmel.vscode-html-css, startup: false, activationEvent: 'onStartupFinished'
2025-09-24 19:24:30.506 [info] ExtensionService#_doActivateExtension esbenp.prettier-vscode, startup: false, activationEvent: 'onStartupFinished'
2025-09-24 19:24:38.403 [info] ExtensionService#_doActivateExtension vscode.html-language-features, startup: false, activationEvent: 'onLanguage:html'
2025-09-24 19:24:38.474 [info] ExtensionService#_doActivateExtension vscode.emmet, startup: false, activationEvent: 'onLanguage'
2025-09-24 19:28:27.162 [info] ExtensionService#_doActivateExtension vscode.configuration-editing, startup: false, activationEvent: 'onLanguage:jsonc'
2025-09-24 19:28:27.174 [info] ExtensionService#_doActivateExtension vscode.json-language-features, startup: false, activationEvent: 'onLanguage:jsonc'
2025-09-24 19:28:27.263 [info] ExtensionService#_doActivateExtension vscode.typescript-language-features, startup: false, activationEvent: 'onLanguage:jsonc'
2025-09-24 19:31:31.018 [info] Extension host terminating: renderer closed the MessagePort
2025-09-24 19:31:31.031 [info] Extension host with pid 21840 exiting with code 0
